
> AdminPortal@0.0.1 start:dev
> nest start --watch

[2J[3J[H[[90m12:53:30 PM[0m] Starting compilation in watch mode...

[[90m12:53:33 PM[0m] Found 0 errors. Watching for file changes.

[32m[Nest] 50655  - [39m01/13/2026, 12:53:34 PM [32m    LOG[39m [38;5;3m[NestFactory] [39m[32mStarting Nest application...[39m
[32m[Nest] 50655  - [39m01/13/2026, 12:53:34 PM [32m    LOG[39m [38;5;3m[InstanceLoader] [39m[32mPrismaModule dependencies initialized[39m[38;5;3m +22ms[39m
[32m[Nest] 50655  - [39m01/13/2026, 12:53:34 PM [32m    LOG[39m [38;5;3m[InstanceLoader] [39m[32mPassportModule dependencies initialized[39m[38;5;3m +0ms[39m
[32m[Nest] 50655  - [39m01/13/2026, 12:53:34 PM [32m    LOG[39m [38;5;3m[InstanceLoader] [39m[32mJwtModule dependencies initialized[39m[38;5;3m +1ms[39m
[32m[Nest] 50655  - [39m01/13/2026, 12:53:34 PM [32m    LOG[39m [38;5;3m[InstanceLoader] [39m[32mAppModule dependencies initialized[39m[38;5;3m +1ms[39m
[32m[Nest] 50655  - [39m01/13/2026, 12:53:34 PM [32m    LOG[39m [38;5;3m[InstanceLoader] [39m[32mPaymentsModule dependencies initialized[39m[38;5;3m +0ms[39m
[32m[Nest] 50655  - [39m01/13/2026, 12:53:34 PM [32m    LOG[39m [38;5;3m[InstanceLoader] [39m[32mAdminModule dependencies initialized[39m[38;5;3m +0ms[39m
[32m[Nest] 50655  - [39m01/13/2026, 12:53:34 PM [32m    LOG[39m [38;5;3m[InstanceLoader] [39m[32mAuthModule dependencies initialized[39m[38;5;3m +0ms[39m
[32m[Nest] 50655  - [39m01/13/2026, 12:53:34 PM [32m    LOG[39m [38;5;3m[InstanceLoader] [39m[32mPricingModule dependencies initialized[39m[38;5;3m +1ms[39m
[32m[Nest] 50655  - [39m01/13/2026, 12:53:34 PM [32m    LOG[39m [38;5;3m[InstanceLoader] [39m[32mKiosksModule dependencies initialized[39m[38;5;3m +0ms[39m
[32m[Nest] 50655  - [39m01/13/2026, 12:53:34 PM [32m    LOG[39m [38;5;3m[InstanceLoader] [39m[32mJobsModule dependencies initialized[39m[38;5;3m +0ms[39m
[32m[Nest] 50655  - [39m01/13/2026, 12:53:34 PM [32m    LOG[39m [38;5;3m[RoutesResolver] [39m[32mAppController {/}:[39m[38;5;3m +27ms[39m
[32m[Nest] 50655  - [39m01/13/2026, 12:53:34 PM [32m    LOG[39m [38;5;3m[RouterExplorer] [39m[32mMapped {/, GET} route[39m[38;5;3m +2ms[39m
[32m[Nest] 50655  - [39m01/13/2026, 12:53:34 PM [32m    LOG[39m [38;5;3m[RoutesResolver] [39m[32mJobsController {/kiosks/:pi_id/jobs}:[39m[38;5;3m +1ms[39m
[32m[Nest] 50655  - [39m01/13/2026, 12:53:34 PM [32m    LOG[39m [38;5;3m[RouterExplorer] [39m[32mMapped {/kiosks/:pi_id/jobs, POST} route[39m[38;5;3m +0ms[39m
[32m[Nest] 50655  - [39m01/13/2026, 12:53:34 PM [32m    LOG[39m [38;5;3m[RoutesResolver] [39m[32mTokensController {/kiosks/:pi_id/jobs/:job_id/token}:[39m[38;5;3m +1ms[39m
[32m[Nest] 50655  - [39m01/13/2026, 12:53:34 PM [32m    LOG[39m [38;5;3m[RouterExplorer] [39m[32mMapped {/kiosks/:pi_id/jobs/:job_id/token, GET} route[39m[38;5;3m +0ms[39m
[32m[Nest] 50655  - [39m01/13/2026, 12:53:34 PM [32m    LOG[39m [38;5;3m[RoutesResolver] [39m[32mPaymentsController {/jobs}:[39m[38;5;3m +0ms[39m
[32m[Nest] 50655  - [39m01/13/2026, 12:53:34 PM [32m    LOG[39m [38;5;3m[RouterExplorer] [39m[32mMapped {/jobs/:job_id/pay, POST} route[39m[38;5;3m +1ms[39m
[32m[Nest] 50655  - [39m01/13/2026, 12:53:34 PM [32m    LOG[39m [38;5;3m[RoutesResolver] [39m[32mWebhooksController {/webhooks}:[39m[38;5;3m +0ms[39m
[32m[Nest] 50655  - [39m01/13/2026, 12:53:34 PM [32m    LOG[39m [38;5;3m[RouterExplorer] [39m[32mMapped {/webhooks/razorpay, POST} route[39m[38;5;3m +0ms[39m
[32m[Nest] 50655  - [39m01/13/2026, 12:53:34 PM [32m    LOG[39m [38;5;3m[RoutesResolver] [39m[32mAdminController {/admin}:[39m[38;5;3m +0ms[39m
[32m[Nest] 50655  - [39m01/13/2026, 12:53:34 PM [32m    LOG[39m [38;5;3m[RouterExplorer] [39m[32mMapped {/admin/kiosks, GET} route[39m[38;5;3m +0ms[39m
[32m[Nest] 50655  - [39m01/13/2026, 12:53:34 PM [32m    LOG[39m [38;5;3m[RouterExplorer] [39m[32mMapped {/admin/jobs, GET} route[39m[38;5;3m +1ms[39m
[32m[Nest] 50655  - [39m01/13/2026, 12:53:34 PM [32m    LOG[39m [38;5;3m[RouterExplorer] [39m[32mMapped {/admin/audit-logs, GET} route[39m[38;5;3m +0ms[39m
[32m[Nest] 50655  - [39m01/13/2026, 12:53:34 PM [32m    LOG[39m [38;5;3m[RouterExplorer] [39m[32mMapped {/admin/overview, GET} route[39m[38;5;3m +0ms[39m
[32m[Nest] 50655  - [39m01/13/2026, 12:53:34 PM [32m    LOG[39m [38;5;3m[RoutesResolver] [39m[32mAuthController {/admin/auth}:[39m[38;5;3m +0ms[39m
[32m[Nest] 50655  - [39m01/13/2026, 12:53:34 PM [32m    LOG[39m [38;5;3m[RouterExplorer] [39m[32mMapped {/admin/auth/login, POST} route[39m[38;5;3m +0ms[39m
[32m[Nest] 50655  - [39m01/13/2026, 12:53:34 PM [32m    LOG[39m [38;5;3m[RoutesResolver] [39m[32mPricingController {/admin/pricing}:[39m[38;5;3m +0ms[39m
[32m[Nest] 50655  - [39m01/13/2026, 12:53:34 PM [32m    LOG[39m [38;5;3m[RouterExplorer] [39m[32mMapped {/admin/pricing, GET} route[39m[38;5;3m +0ms[39m
[32m[Nest] 50655  - [39m01/13/2026, 12:53:34 PM [32m    LOG[39m [38;5;3m[RouterExplorer] [39m[32mMapped {/admin/pricing, POST} route[39m[38;5;3m +0ms[39m
[32m[Nest] 50655  - [39m01/13/2026, 12:53:34 PM [32m    LOG[39m [38;5;3m[RoutesResolver] [39m[32mKiosksController {/admin/kiosks}:[39m[38;5;3m +1ms[39m
[32m[Nest] 50655  - [39m01/13/2026, 12:53:34 PM [32m    LOG[39m [38;5;3m[RouterExplorer] [39m[32mMapped {/admin/kiosks, GET} route[39m[38;5;3m +0ms[39m
[32m[Nest] 50655  - [39m01/13/2026, 12:53:34 PM [32m    LOG[39m [38;5;3m[RouterExplorer] [39m[32mMapped {/admin/kiosks/:pi_id/refill, POST} route[39m[38;5;3m +0ms[39m
[32m[Nest] 50655  - [39m01/13/2026, 12:53:34 PM [32m    LOG[39m [38;5;3m[NestApplication] [39m[32mNest application successfully started[39m[38;5;3m +33ms[39m
[2J[3J[H[[90m1:36:55 PM[0m] File change detected. Starting incremental compilation...

[[90m1:36:55 PM[0m] Found 0 errors. Watching for file changes.

[32m[Nest] 68115  - [39m01/13/2026, 1:36:56 PM [32m    LOG[39m [38;5;3m[NestFactory] [39m[32mStarting Nest application...[39m
[32m[Nest] 68115  - [39m01/13/2026, 1:36:56 PM [32m    LOG[39m [38;5;3m[InstanceLoader] [39m[32mPrismaModule dependencies initialized[39m[38;5;3m +22ms[39m
[32m[Nest] 68115  - [39m01/13/2026, 1:36:56 PM [32m    LOG[39m [38;5;3m[InstanceLoader] [39m[32mPassportModule dependencies initialized[39m[38;5;3m +0ms[39m
[32m[Nest] 68115  - [39m01/13/2026, 1:36:56 PM [32m    LOG[39m [38;5;3m[InstanceLoader] [39m[32mJwtModule dependencies initialized[39m[38;5;3m +0ms[39m
[32m[Nest] 68115  - [39m01/13/2026, 1:36:56 PM [32m    LOG[39m [38;5;3m[InstanceLoader] [39m[32mAppModule dependencies initialized[39m[38;5;3m +1ms[39m
[32m[Nest] 68115  - [39m01/13/2026, 1:36:56 PM [32m    LOG[39m [38;5;3m[InstanceLoader] [39m[32mPaymentsModule dependencies initialized[39m[38;5;3m +0ms[39m
[32m[Nest] 68115  - [39m01/13/2026, 1:36:56 PM [32m    LOG[39m [38;5;3m[InstanceLoader] [39m[32mAdminModule dependencies initialized[39m[38;5;3m +0ms[39m
[32m[Nest] 68115  - [39m01/13/2026, 1:36:56 PM [32m    LOG[39m [38;5;3m[InstanceLoader] [39m[32mAuthModule dependencies initialized[39m[38;5;3m +0ms[39m
[32m[Nest] 68115  - [39m01/13/2026, 1:36:56 PM [32m    LOG[39m [38;5;3m[InstanceLoader] [39m[32mPricingModule dependencies initialized[39m[38;5;3m +1ms[39m
[32m[Nest] 68115  - [39m01/13/2026, 1:36:56 PM [32m    LOG[39m [38;5;3m[InstanceLoader] [39m[32mKiosksModule dependencies initialized[39m[38;5;3m +0ms[39m
[32m[Nest] 68115  - [39m01/13/2026, 1:36:56 PM [32m    LOG[39m [38;5;3m[InstanceLoader] [39m[32mJobsModule dependencies initialized[39m[38;5;3m +0ms[39m
[32m[Nest] 68115  - [39m01/13/2026, 1:36:56 PM [32m    LOG[39m [38;5;3m[RoutesResolver] [39m[32mAppController {/}:[39m[38;5;3m +24ms[39m
[32m[Nest] 68115  - [39m01/13/2026, 1:36:56 PM [32m    LOG[39m [38;5;3m[RouterExplorer] [39m[32mMapped {/, GET} route[39m[38;5;3m +2ms[39m
[32m[Nest] 68115  - [39m01/13/2026, 1:36:56 PM [32m    LOG[39m [38;5;3m[RoutesResolver] [39m[32mJobsController {/kiosks/:pi_id/jobs}:[39m[38;5;3m +0ms[39m
[32m[Nest] 68115  - [39m01/13/2026, 1:36:56 PM [32m    LOG[39m [38;5;3m[RouterExplorer] [39m[32mMapped {/kiosks/:pi_id/jobs, POST} route[39m[38;5;3m +1ms[39m
[32m[Nest] 68115  - [39m01/13/2026, 1:36:56 PM [32m    LOG[39m [38;5;3m[RoutesResolver] [39m[32mTokensController {/kiosks/:pi_id/jobs/:job_id/token}:[39m[38;5;3m +0ms[39m
[32m[Nest] 68115  - [39m01/13/2026, 1:36:56 PM [32m    LOG[39m [38;5;3m[RouterExplorer] [39m[32mMapped {/kiosks/:pi_id/jobs/:job_id/token, GET} route[39m[38;5;3m +1ms[39m
[32m[Nest] 68115  - [39m01/13/2026, 1:36:56 PM [32m    LOG[39m [38;5;3m[RoutesResolver] [39m[32mPaymentsController {/jobs}:[39m[38;5;3m +0ms[39m
[32m[Nest] 68115  - [39m01/13/2026, 1:36:56 PM [32m    LOG[39m [38;5;3m[RouterExplorer] [39m[32mMapped {/jobs/:job_id/pay, POST} route[39m[38;5;3m +0ms[39m
[32m[Nest] 68115  - [39m01/13/2026, 1:36:56 PM [32m    LOG[39m [38;5;3m[RoutesResolver] [39m[32mWebhooksController {/webhooks}:[39m[38;5;3m +0ms[39m
[32m[Nest] 68115  - [39m01/13/2026, 1:36:56 PM [32m    LOG[39m [38;5;3m[RouterExplorer] [39m[32mMapped {/webhooks/razorpay, POST} route[39m[38;5;3m +0ms[39m
[32m[Nest] 68115  - [39m01/13/2026, 1:36:56 PM [32m    LOG[39m [38;5;3m[RoutesResolver] [39m[32mAdminController {/admin}:[39m[38;5;3m +0ms[39m
[32m[Nest] 68115  - [39m01/13/2026, 1:36:56 PM [32m    LOG[39m [38;5;3m[RouterExplorer] [39m[32mMapped {/admin/kiosks, GET} route[39m[38;5;3m +1ms[39m
[32m[Nest] 68115  - [39m01/13/2026, 1:36:56 PM [32m    LOG[39m [38;5;3m[RouterExplorer] [39m[32mMapped {/admin/jobs, GET} route[39m[38;5;3m +0ms[39m
[32m[Nest] 68115  - [39m01/13/2026, 1:36:56 PM [32m    LOG[39m [38;5;3m[RouterExplorer] [39m[32mMapped {/admin/audit-logs, GET} route[39m[38;5;3m +0ms[39m
[32m[Nest] 68115  - [39m01/13/2026, 1:36:56 PM [32m    LOG[39m [38;5;3m[RouterExplorer] [39m[32mMapped {/admin/overview, GET} route[39m[38;5;3m +1ms[39m
[32m[Nest] 68115  - [39m01/13/2026, 1:36:56 PM [32m    LOG[39m [38;5;3m[RoutesResolver] [39m[32mAuthController {/admin/auth}:[39m[38;5;3m +0ms[39m
[32m[Nest] 68115  - [39m01/13/2026, 1:36:56 PM [32m    LOG[39m [38;5;3m[RouterExplorer] [39m[32mMapped {/admin/auth/login, POST} route[39m[38;5;3m +0ms[39m
[32m[Nest] 68115  - [39m01/13/2026, 1:36:56 PM [32m    LOG[39m [38;5;3m[RoutesResolver] [39m[32mPricingController {/admin/pricing}:[39m[38;5;3m +0ms[39m
[32m[Nest] 68115  - [39m01/13/2026, 1:36:56 PM [32m    LOG[39m [38;5;3m[RouterExplorer] [39m[32mMapped {/admin/pricing, GET} route[39m[38;5;3m +0ms[39m
[32m[Nest] 68115  - [39m01/13/2026, 1:36:56 PM [32m    LOG[39m [38;5;3m[RouterExplorer] [39m[32mMapped {/admin/pricing, POST} route[39m[38;5;3m +0ms[39m
[32m[Nest] 68115  - [39m01/13/2026, 1:36:56 PM [32m    LOG[39m [38;5;3m[RoutesResolver] [39m[32mKiosksController {/admin/kiosks}:[39m[38;5;3m +1ms[39m
[32m[Nest] 68115  - [39m01/13/2026, 1:36:56 PM [32m    LOG[39m [38;5;3m[RouterExplorer] [39m[32mMapped {/admin/kiosks, GET} route[39m[38;5;3m +0ms[39m
[32m[Nest] 68115  - [39m01/13/2026, 1:36:56 PM [32m    LOG[39m [38;5;3m[RouterExplorer] [39m[32mMapped {/admin/kiosks/:pi_id/refill, POST} route[39m[38;5;3m +0ms[39m
[32m[Nest] 68115  - [39m01/13/2026, 1:36:56 PM [32m    LOG[39m [38;5;3m[NestApplication] [39m[32mNest application successfully started[39m[38;5;3m +29ms[39m
[2J[3J[H[[90m1:37:01 PM[0m] File change detected. Starting incremental compilation...

[[90m1:37:01 PM[0m] Found 0 errors. Watching for file changes.

[32m[Nest] 68191  - [39m01/13/2026, 1:37:02 PM [32m    LOG[39m [38;5;3m[NestFactory] [39m[32mStarting Nest application...[39m
[32m[Nest] 68191  - [39m01/13/2026, 1:37:02 PM [32m    LOG[39m [38;5;3m[InstanceLoader] [39m[32mPrismaModule dependencies initialized[39m[38;5;3m +23ms[39m
[32m[Nest] 68191  - [39m01/13/2026, 1:37:02 PM [32m    LOG[39m [38;5;3m[InstanceLoader] [39m[32mPassportModule dependencies initialized[39m[38;5;3m +0ms[39m
[32m[Nest] 68191  - [39m01/13/2026, 1:37:02 PM [32m    LOG[39m [38;5;3m[InstanceLoader] [39m[32mJwtModule dependencies initialized[39m[38;5;3m +0ms[39m
[32m[Nest] 68191  - [39m01/13/2026, 1:37:02 PM [32m    LOG[39m [38;5;3m[InstanceLoader] [39m[32mAppModule dependencies initialized[39m[38;5;3m +1ms[39m
[32m[Nest] 68191  - [39m01/13/2026, 1:37:02 PM [32m    LOG[39m [38;5;3m[InstanceLoader] [39m[32mPaymentsModule dependencies initialized[39m[38;5;3m +0ms[39m
[32m[Nest] 68191  - [39m01/13/2026, 1:37:02 PM [32m    LOG[39m [38;5;3m[InstanceLoader] [39m[32mAdminModule dependencies initialized[39m[38;5;3m +0ms[39m
[32m[Nest] 68191  - [39m01/13/2026, 1:37:02 PM [32m    LOG[39m [38;5;3m[InstanceLoader] [39m[32mAuthModule dependencies initialized[39m[38;5;3m +1ms[39m
[32m[Nest] 68191  - [39m01/13/2026, 1:37:02 PM [32m    LOG[39m [38;5;3m[InstanceLoader] [39m[32mPricingModule dependencies initialized[39m[38;5;3m +0ms[39m
[32m[Nest] 68191  - [39m01/13/2026, 1:37:02 PM [32m    LOG[39m [38;5;3m[InstanceLoader] [39m[32mKiosksModule dependencies initialized[39m[38;5;3m +0ms[39m
[32m[Nest] 68191  - [39m01/13/2026, 1:37:02 PM [32m    LOG[39m [38;5;3m[InstanceLoader] [39m[32mJobsModule dependencies initialized[39m[38;5;3m +0ms[39m
[32m[Nest] 68191  - [39m01/13/2026, 1:37:02 PM [32m    LOG[39m [38;5;3m[RoutesResolver] [39m[32mAppController {/}:[39m[38;5;3m +25ms[39m
[32m[Nest] 68191  - [39m01/13/2026, 1:37:02 PM [32m    LOG[39m [38;5;3m[RouterExplorer] [39m[32mMapped {/, GET} route[39m[38;5;3m +2ms[39m
[32m[Nest] 68191  - [39m01/13/2026, 1:37:02 PM [32m    LOG[39m [38;5;3m[RoutesResolver] [39m[32mJobsController {/kiosks/:pi_id/jobs}:[39m[38;5;3m +0ms[39m
[32m[Nest] 68191  - [39m01/13/2026, 1:37:02 PM [32m    LOG[39m [38;5;3m[RouterExplorer] [39m[32mMapped {/kiosks/:pi_id/jobs, POST} route[39m[38;5;3m +1ms[39m
[32m[Nest] 68191  - [39m01/13/2026, 1:37:02 PM [32m    LOG[39m [38;5;3m[RoutesResolver] [39m[32mTokensController {/kiosks/:pi_id/jobs/:job_id/token}:[39m[38;5;3m +0ms[39m
[32m[Nest] 68191  - [39m01/13/2026, 1:37:02 PM [32m    LOG[39m [38;5;3m[RouterExplorer] [39m[32mMapped {/kiosks/:pi_id/jobs/:job_id/token, GET} route[39m[38;5;3m +1ms[39m
[32m[Nest] 68191  - [39m01/13/2026, 1:37:02 PM [32m    LOG[39m [38;5;3m[RoutesResolver] [39m[32mPaymentsController {/jobs}:[39m[38;5;3m +0ms[39m
[32m[Nest] 68191  - [39m01/13/2026, 1:37:02 PM [32m    LOG[39m [38;5;3m[RouterExplorer] [39m[32mMapped {/jobs/:job_id/pay, POST} route[39m[38;5;3m +0ms[39m
[32m[Nest] 68191  - [39m01/13/2026, 1:37:02 PM [32m    LOG[39m [38;5;3m[RoutesResolver] [39m[32mWebhooksController {/webhooks}:[39m[38;5;3m +0ms[39m
[32m[Nest] 68191  - [39m01/13/2026, 1:37:02 PM [32m    LOG[39m [38;5;3m[RouterExplorer] [39m[32mMapped {/webhooks/razorpay, POST} route[39m[38;5;3m +0ms[39m
[32m[Nest] 68191  - [39m01/13/2026, 1:37:02 PM [32m    LOG[39m [38;5;3m[RoutesResolver] [39m[32mAdminController {/admin}:[39m[38;5;3m +0ms[39m
[32m[Nest] 68191  - [39m01/13/2026, 1:37:02 PM [32m    LOG[39m [38;5;3m[RouterExplorer] [39m[32mMapped {/admin/kiosks, GET} route[39m[38;5;3m +1ms[39m
[32m[Nest] 68191  - [39m01/13/2026, 1:37:02 PM [32m    LOG[39m [38;5;3m[RouterExplorer] [39m[32mMapped {/admin/jobs, GET} route[39m[38;5;3m +0ms[39m
[32m[Nest] 68191  - [39m01/13/2026, 1:37:02 PM [32m    LOG[39m [38;5;3m[RouterExplorer] [39m[32mMapped {/admin/audit-logs, GET} route[39m[38;5;3m +0ms[39m
[32m[Nest] 68191  - [39m01/13/2026, 1:37:02 PM [32m    LOG[39m [38;5;3m[RouterExplorer] [39m[32mMapped {/admin/overview, GET} route[39m[38;5;3m +1ms[39m
[32m[Nest] 68191  - [39m01/13/2026, 1:37:02 PM [32m    LOG[39m [38;5;3m[RoutesResolver] [39m[32mAuthController {/admin/auth}:[39m[38;5;3m +0ms[39m
[32m[Nest] 68191  - [39m01/13/2026, 1:37:02 PM [32m    LOG[39m [38;5;3m[RouterExplorer] [39m[32mMapped {/admin/auth/login, POST} route[39m[38;5;3m +0ms[39m
[32m[Nest] 68191  - [39m01/13/2026, 1:37:02 PM [32m    LOG[39m [38;5;3m[RoutesResolver] [39m[32mPricingController {/admin/pricing}:[39m[38;5;3m +0ms[39m
[32m[Nest] 68191  - [39m01/13/2026, 1:37:02 PM [32m    LOG[39m [38;5;3m[RouterExplorer] [39m[32mMapped {/admin/pricing, GET} route[39m[38;5;3m +0ms[39m
[32m[Nest] 68191  - [39m01/13/2026, 1:37:02 PM [32m    LOG[39m [38;5;3m[RouterExplorer] [39m[32mMapped {/admin/pricing, POST} route[39m[38;5;3m +1ms[39m
[32m[Nest] 68191  - [39m01/13/2026, 1:37:02 PM [32m    LOG[39m [38;5;3m[RoutesResolver] [39m[32mKiosksController {/admin/kiosks}:[39m[38;5;3m +0ms[39m
[32m[Nest] 68191  - [39m01/13/2026, 1:37:02 PM [32m    LOG[39m [38;5;3m[RouterExplorer] [39m[32mMapped {/admin/kiosks, GET} route[39m[38;5;3m +0ms[39m
[32m[Nest] 68191  - [39m01/13/2026, 1:37:02 PM [32m    LOG[39m [38;5;3m[RouterExplorer] [39m[32mMapped {/admin/kiosks/:pi_id/refill, POST} route[39m[38;5;3m +0ms[39m
[32m[Nest] 68191  - [39m01/13/2026, 1:37:02 PM [32m    LOG[39m [38;5;3m[NestApplication] [39m[32mNest application successfully started[39m[38;5;3m +30ms[39m
[2J[3J[H[[90m1:42:35 PM[0m] File change detected. Starting incremental compilation...

[[90m1:42:35 PM[0m] Found 0 errors. Watching for file changes.

[32m[Nest] 70405  - [39m01/13/2026, 1:42:36 PM [32m    LOG[39m [38;5;3m[NestFactory] [39m[32mStarting Nest application...[39m
[32m[Nest] 70405  - [39m01/13/2026, 1:42:36 PM [32m    LOG[39m [38;5;3m[InstanceLoader] [39m[32mPrismaModule dependencies initialized[39m[38;5;3m +20ms[39m
[32m[Nest] 70405  - [39m01/13/2026, 1:42:36 PM [32m    LOG[39m [38;5;3m[InstanceLoader] [39m[32mPassportModule dependencies initialized[39m[38;5;3m +0ms[39m
[32m[Nest] 70405  - [39m01/13/2026, 1:42:36 PM [32m    LOG[39m [38;5;3m[InstanceLoader] [39m[32mJwtModule dependencies initialized[39m[38;5;3m +1ms[39m
[32m[Nest] 70405  - [39m01/13/2026, 1:42:36 PM [32m    LOG[39m [38;5;3m[InstanceLoader] [39m[32mAppModule dependencies initialized[39m[38;5;3m +0ms[39m
[32m[Nest] 70405  - [39m01/13/2026, 1:42:36 PM [32m    LOG[39m [38;5;3m[InstanceLoader] [39m[32mPaymentsModule dependencies initialized[39m[38;5;3m +0ms[39m
[32m[Nest] 70405  - [39m01/13/2026, 1:42:36 PM [32m    LOG[39m [38;5;3m[InstanceLoader] [39m[32mAdminModule dependencies initialized[39m[38;5;3m +1ms[39m
[32m[Nest] 70405  - [39m01/13/2026, 1:42:36 PM [32m    LOG[39m [38;5;3m[InstanceLoader] [39m[32mAuthModule dependencies initialized[39m[38;5;3m +0ms[39m
[32m[Nest] 70405  - [39m01/13/2026, 1:42:36 PM [32m    LOG[39m [38;5;3m[InstanceLoader] [39m[32mPricingModule dependencies initialized[39m[38;5;3m +0ms[39m
[32m[Nest] 70405  - [39m01/13/2026, 1:42:36 PM [32m    LOG[39m [38;5;3m[InstanceLoader] [39m[32mKiosksModule dependencies initialized[39m[38;5;3m +0ms[39m
[32m[Nest] 70405  - [39m01/13/2026, 1:42:36 PM [32m    LOG[39m [38;5;3m[InstanceLoader] [39m[32mJobsModule dependencies initialized[39m[38;5;3m +0ms[39m
[32m[Nest] 70405  - [39m01/13/2026, 1:42:36 PM [32m    LOG[39m [38;5;3m[RoutesResolver] [39m[32mAppController {/}:[39m[38;5;3m +23ms[39m
[32m[Nest] 70405  - [39m01/13/2026, 1:42:36 PM [32m    LOG[39m [38;5;3m[RouterExplorer] [39m[32mMapped {/, GET} route[39m[38;5;3m +2ms[39m
[32m[Nest] 70405  - [39m01/13/2026, 1:42:36 PM [32m    LOG[39m [38;5;3m[RoutesResolver] [39m[32mJobsController {/kiosks/:pi_id/jobs}:[39m[38;5;3m +0ms[39m
[32m[Nest] 70405  - [39m01/13/2026, 1:42:36 PM [32m    LOG[39m [38;5;3m[RouterExplorer] [39m[32mMapped {/kiosks/:pi_id/jobs, POST} route[39m[38;5;3m +1ms[39m
[32m[Nest] 70405  - [39m01/13/2026, 1:42:36 PM [32m    LOG[39m [38;5;3m[RoutesResolver] [39m[32mTokensController {/kiosks/:pi_id/jobs/:job_id/token}:[39m[38;5;3m +0ms[39m
[32m[Nest] 70405  - [39m01/13/2026, 1:42:36 PM [32m    LOG[39m [38;5;3m[RouterExplorer] [39m[32mMapped {/kiosks/:pi_id/jobs/:job_id/token, GET} route[39m[38;5;3m +0ms[39m
[32m[Nest] 70405  - [39m01/13/2026, 1:42:36 PM [32m    LOG[39m [38;5;3m[RoutesResolver] [39m[32mPaymentsController {/jobs}:[39m[38;5;3m +0ms[39m
[32m[Nest] 70405  - [39m01/13/2026, 1:42:36 PM [32m    LOG[39m [38;5;3m[RouterExplorer] [39m[32mMapped {/jobs/:job_id/pay, POST} route[39m[38;5;3m +1ms[39m
[32m[Nest] 70405  - [39m01/13/2026, 1:42:36 PM [32m    LOG[39m [38;5;3m[RoutesResolver] [39m[32mWebhooksController {/webhooks}:[39m[38;5;3m +0ms[39m
[32m[Nest] 70405  - [39m01/13/2026, 1:42:36 PM [32m    LOG[39m [38;5;3m[RouterExplorer] [39m[32mMapped {/webhooks/razorpay, POST} route[39m[38;5;3m +0ms[39m
[32m[Nest] 70405  - [39m01/13/2026, 1:42:36 PM [32m    LOG[39m [38;5;3m[RoutesResolver] [39m[32mAdminController {/admin}:[39m[38;5;3m +0ms[39m
[32m[Nest] 70405  - [39m01/13/2026, 1:42:36 PM [32m    LOG[39m [38;5;3m[RouterExplorer] [39m[32mMapped {/admin/kiosks, GET} route[39m[38;5;3m +0ms[39m
[32m[Nest] 70405  - [39m01/13/2026, 1:42:36 PM [32m    LOG[39m [38;5;3m[RouterExplorer] [39m[32mMapped {/admin/jobs, GET} route[39m[38;5;3m +1ms[39m
[32m[Nest] 70405  - [39m01/13/2026, 1:42:36 PM [32m    LOG[39m [38;5;3m[RouterExplorer] [39m[32mMapped {/admin/audit-logs, GET} route[39m[38;5;3m +0ms[39m
[32m[Nest] 70405  - [39m01/13/2026, 1:42:36 PM [32m    LOG[39m [38;5;3m[RouterExplorer] [39m[32mMapped {/admin/overview, GET} route[39m[38;5;3m +0ms[39m
[32m[Nest] 70405  - [39m01/13/2026, 1:42:36 PM [32m    LOG[39m [38;5;3m[RoutesResolver] [39m[32mAuthController {/admin/auth}:[39m[38;5;3m +0ms[39m
[32m[Nest] 70405  - [39m01/13/2026, 1:42:36 PM [32m    LOG[39m [38;5;3m[RouterExplorer] [39m[32mMapped {/admin/auth/login, POST} route[39m[38;5;3m +1ms[39m
[32m[Nest] 70405  - [39m01/13/2026, 1:42:36 PM [32m    LOG[39m [38;5;3m[RoutesResolver] [39m[32mPricingController {/admin/pricing}:[39m[38;5;3m +0ms[39m
[32m[Nest] 70405  - [39m01/13/2026, 1:42:36 PM [32m    LOG[39m [38;5;3m[RouterExplorer] [39m[32mMapped {/admin/pricing, GET} route[39m[38;5;3m +0ms[39m
[32m[Nest] 70405  - [39m01/13/2026, 1:42:36 PM [32m    LOG[39m [38;5;3m[RouterExplorer] [39m[32mMapped {/admin/pricing, POST} route[39m[38;5;3m +0ms[39m
[32m[Nest] 70405  - [39m01/13/2026, 1:42:36 PM [32m    LOG[39m [38;5;3m[RoutesResolver] [39m[32mKiosksController {/admin/kiosks}:[39m[38;5;3m +0ms[39m
[32m[Nest] 70405  - [39m01/13/2026, 1:42:36 PM [32m    LOG[39m [38;5;3m[RouterExplorer] [39m[32mMapped {/admin/kiosks, GET} route[39m[38;5;3m +1ms[39m
[32m[Nest] 70405  - [39m01/13/2026, 1:42:36 PM [32m    LOG[39m [38;5;3m[RouterExplorer] [39m[32mMapped {/admin/kiosks/:pi_id/refill, POST} route[39m[38;5;3m +0ms[39m
[32m[Nest] 70405  - [39m01/13/2026, 1:42:36 PM [32m    LOG[39m [38;5;3m[NestApplication] [39m[32mNest application successfully started[39m[38;5;3m +26ms[39m
[2J[3J[H[[90m1:42:42 PM[0m] File change detected. Starting incremental compilation...

[[90m1:42:43 PM[0m] Found 0 errors. Watching for file changes.

[32m[Nest] 70491  - [39m01/13/2026, 1:42:43 PM [32m    LOG[39m [38;5;3m[NestFactory] [39m[32mStarting Nest application...[39m
[32m[Nest] 70491  - [39m01/13/2026, 1:42:43 PM [32m    LOG[39m [38;5;3m[InstanceLoader] [39m[32mPrismaModule dependencies initialized[39m[38;5;3m +20ms[39m
[32m[Nest] 70491  - [39m01/13/2026, 1:42:43 PM [32m    LOG[39m [38;5;3m[InstanceLoader] [39m[32mPassportModule dependencies initialized[39m[38;5;3m +0ms[39m
[32m[Nest] 70491  - [39m01/13/2026, 1:42:43 PM [32m    LOG[39m [38;5;3m[InstanceLoader] [39m[32mJwtModule dependencies initialized[39m[38;5;3m +0ms[39m
[32m[Nest] 70491  - [39m01/13/2026, 1:42:43 PM [32m    LOG[39m [38;5;3m[InstanceLoader] [39m[32mAppModule dependencies initialized[39m[38;5;3m +1ms[39m
[32m[Nest] 70491  - [39m01/13/2026, 1:42:43 PM [32m    LOG[39m [38;5;3m[InstanceLoader] [39m[32mPaymentsModule dependencies initialized[39m[38;5;3m +0ms[39m
[32m[Nest] 70491  - [39m01/13/2026, 1:42:43 PM [32m    LOG[39m [38;5;3m[InstanceLoader] [39m[32mAdminModule dependencies initialized[39m[38;5;3m +0ms[39m
[32m[Nest] 70491  - [39m01/13/2026, 1:42:43 PM [32m    LOG[39m [38;5;3m[InstanceLoader] [39m[32mAuthModule dependencies initialized[39m[38;5;3m +0ms[39m
[32m[Nest] 70491  - [39m01/13/2026, 1:42:43 PM [32m    LOG[39m [38;5;3m[InstanceLoader] [39m[32mPricingModule dependencies initialized[39m[38;5;3m +1ms[39m
[32m[Nest] 70491  - [39m01/13/2026, 1:42:43 PM [32m    LOG[39m [38;5;3m[InstanceLoader] [39m[32mKiosksModule dependencies initialized[39m[38;5;3m +0ms[39m
[32m[Nest] 70491  - [39m01/13/2026, 1:42:43 PM [32m    LOG[39m [38;5;3m[InstanceLoader] [39m[32mJobsModule dependencies initialized[39m[38;5;3m +0ms[39m
[32m[Nest] 70491  - [39m01/13/2026, 1:42:43 PM [32m    LOG[39m [38;5;3m[RoutesResolver] [39m[32mAppController {/}:[39m[38;5;3m +22ms[39m
[32m[Nest] 70491  - [39m01/13/2026, 1:42:43 PM [32m    LOG[39m [38;5;3m[RouterExplorer] [39m[32mMapped {/, GET} route[39m[38;5;3m +1ms[39m
[32m[Nest] 70491  - [39m01/13/2026, 1:42:43 PM [32m    LOG[39m [38;5;3m[RoutesResolver] [39m[32mJobsController {/kiosks/:pi_id/jobs}:[39m[38;5;3m +0ms[39m
[32m[Nest] 70491  - [39m01/13/2026, 1:42:43 PM [32m    LOG[39m [38;5;3m[RouterExplorer] [39m[32mMapped {/kiosks/:pi_id/jobs, POST} route[39m[38;5;3m +1ms[39m
[32m[Nest] 70491  - [39m01/13/2026, 1:42:43 PM [32m    LOG[39m [38;5;3m[RoutesResolver] [39m[32mTokensController {/kiosks/:pi_id/jobs/:job_id/token}:[39m[38;5;3m +0ms[39m
[32m[Nest] 70491  - [39m01/13/2026, 1:42:43 PM [32m    LOG[39m [38;5;3m[RouterExplorer] [39m[32mMapped {/kiosks/:pi_id/jobs/:job_id/token, GET} route[39m[38;5;3m +1ms[39m
[32m[Nest] 70491  - [39m01/13/2026, 1:42:43 PM [32m    LOG[39m [38;5;3m[RoutesResolver] [39m[32mPaymentsController {/jobs}:[39m[38;5;3m +0ms[39m
[32m[Nest] 70491  - [39m01/13/2026, 1:42:43 PM [32m    LOG[39m [38;5;3m[RouterExplorer] [39m[32mMapped {/jobs/:job_id/pay, POST} route[39m[38;5;3m +0ms[39m
[32m[Nest] 70491  - [39m01/13/2026, 1:42:43 PM [32m    LOG[39m [38;5;3m[RoutesResolver] [39m[32mWebhooksController {/webhooks}:[39m[38;5;3m +0ms[39m
[32m[Nest] 70491  - [39m01/13/2026, 1:42:43 PM [32m    LOG[39m [38;5;3m[RouterExplorer] [39m[32mMapped {/webhooks/razorpay, POST} route[39m[38;5;3m +0ms[39m
[32m[Nest] 70491  - [39m01/13/2026, 1:42:43 PM [32m    LOG[39m [38;5;3m[RoutesResolver] [39m[32mAdminController {/admin}:[39m[38;5;3m +0ms[39m
[32m[Nest] 70491  - [39m01/13/2026, 1:42:43 PM [32m    LOG[39m [38;5;3m[RouterExplorer] [39m[32mMapped {/admin/kiosks, GET} route[39m[38;5;3m +1ms[39m
[32m[Nest] 70491  - [39m01/13/2026, 1:42:43 PM [32m    LOG[39m [38;5;3m[RouterExplorer] [39m[32mMapped {/admin/jobs, GET} route[39m[38;5;3m +0ms[39m
[32m[Nest] 70491  - [39m01/13/2026, 1:42:43 PM [32m    LOG[39m [38;5;3m[RouterExplorer] [39m[32mMapped {/admin/audit-logs, GET} route[39m[38;5;3m +0ms[39m
[32m[Nest] 70491  - [39m01/13/2026, 1:42:43 PM [32m    LOG[39m [38;5;3m[RouterExplorer] [39m[32mMapped {/admin/overview, GET} route[39m[38;5;3m +1ms[39m
[32m[Nest] 70491  - [39m01/13/2026, 1:42:43 PM [32m    LOG[39m [38;5;3m[RoutesResolver] [39m[32mAuthController {/admin/auth}:[39m[38;5;3m +0ms[39m
[32m[Nest] 70491  - [39m01/13/2026, 1:42:43 PM [32m    LOG[39m [38;5;3m[RouterExplorer] [39m[32mMapped {/admin/auth/login, POST} route[39m[38;5;3m +0ms[39m
[32m[Nest] 70491  - [39m01/13/2026, 1:42:43 PM [32m    LOG[39m [38;5;3m[RoutesResolver] [39m[32mPricingController {/admin/pricing}:[39m[38;5;3m +0ms[39m
[32m[Nest] 70491  - [39m01/13/2026, 1:42:43 PM [32m    LOG[39m [38;5;3m[RouterExplorer] [39m[32mMapped {/admin/pricing, GET} route[39m[38;5;3m +0ms[39m
[32m[Nest] 70491  - [39m01/13/2026, 1:42:43 PM [32m    LOG[39m [38;5;3m[RouterExplorer] [39m[32mMapped {/admin/pricing, POST} route[39m[38;5;3m +0ms[39m
[32m[Nest] 70491  - [39m01/13/2026, 1:42:43 PM [32m    LOG[39m [38;5;3m[RoutesResolver] [39m[32mKiosksController {/admin/kiosks}:[39m[38;5;3m +1ms[39m
[32m[Nest] 70491  - [39m01/13/2026, 1:42:43 PM [32m    LOG[39m [38;5;3m[RouterExplorer] [39m[32mMapped {/admin/kiosks, GET} route[39m[38;5;3m +0ms[39m
[32m[Nest] 70491  - [39m01/13/2026, 1:42:43 PM [32m    LOG[39m [38;5;3m[RouterExplorer] [39m[32mMapped {/admin/kiosks/:pi_id/refill, POST} route[39m[38;5;3m +0ms[39m
[32m[Nest] 70491  - [39m01/13/2026, 1:42:43 PM [32m    LOG[39m [38;5;3m[NestApplication] [39m[32mNest application successfully started[39m[38;5;3m +26ms[39m
[2J[3J[H[[90m1:46:32 PM[0m] File change detected. Starting incremental compilation...

[[90m1:46:32 PM[0m] Found 0 errors. Watching for file changes.

[32m[Nest] 72182  - [39m01/13/2026, 1:46:33 PM [32m    LOG[39m [38;5;3m[NestFactory] [39m[32mStarting Nest application...[39m
[32m[Nest] 72182  - [39m01/13/2026, 1:46:33 PM [32m    LOG[39m [38;5;3m[InstanceLoader] [39m[32mPrismaModule dependencies initialized[39m[38;5;3m +25ms[39m
[32m[Nest] 72182  - [39m01/13/2026, 1:46:33 PM [32m    LOG[39m [38;5;3m[InstanceLoader] [39m[32mPassportModule dependencies initialized[39m[38;5;3m +0ms[39m
[32m[Nest] 72182  - [39m01/13/2026, 1:46:33 PM [32m    LOG[39m [38;5;3m[InstanceLoader] [39m[32mJwtModule dependencies initialized[39m[38;5;3m +1ms[39m
[32m[Nest] 72182  - [39m01/13/2026, 1:46:33 PM [32m    LOG[39m [38;5;3m[InstanceLoader] [39m[32mAppModule dependencies initialized[39m[38;5;3m +0ms[39m
[32m[Nest] 72182  - [39m01/13/2026, 1:46:33 PM [32m    LOG[39m [38;5;3m[InstanceLoader] [39m[32mPaymentsModule dependencies initialized[39m[38;5;3m +1ms[39m
[32m[Nest] 72182  - [39m01/13/2026, 1:46:33 PM [32m    LOG[39m [38;5;3m[InstanceLoader] [39m[32mAdminModule dependencies initialized[39m[38;5;3m +0ms[39m
[32m[Nest] 72182  - [39m01/13/2026, 1:46:33 PM [32m    LOG[39m [38;5;3m[InstanceLoader] [39m[32mAuthModule dependencies initialized[39m[38;5;3m +0ms[39m
[32m[Nest] 72182  - [39m01/13/2026, 1:46:33 PM [32m    LOG[39m [38;5;3m[InstanceLoader] [39m[32mPricingModule dependencies initialized[39m[38;5;3m +0ms[39m
[32m[Nest] 72182  - [39m01/13/2026, 1:46:33 PM [32m    LOG[39m [38;5;3m[InstanceLoader] [39m[32mKiosksModule dependencies initialized[39m[38;5;3m +1ms[39m
[32m[Nest] 72182  - [39m01/13/2026, 1:46:33 PM [32m    LOG[39m [38;5;3m[InstanceLoader] [39m[32mJobsModule dependencies initialized[39m[38;5;3m +0ms[39m
[32m[Nest] 72182  - [39m01/13/2026, 1:46:33 PM [32m    LOG[39m [38;5;3m[RoutesResolver] [39m[32mAppController {/}:[39m[38;5;3m +26ms[39m
[32m[Nest] 72182  - [39m01/13/2026, 1:46:33 PM [32m    LOG[39m [38;5;3m[RouterExplorer] [39m[32mMapped {/, GET} route[39m[38;5;3m +2ms[39m
[32m[Nest] 72182  - [39m01/13/2026, 1:46:33 PM [32m    LOG[39m [38;5;3m[RoutesResolver] [39m[32mJobsController {/kiosks/:pi_id/jobs}:[39m[38;5;3m +0ms[39m
[32m[Nest] 72182  - [39m01/13/2026, 1:46:33 PM [32m    LOG[39m [38;5;3m[RouterExplorer] [39m[32mMapped {/kiosks/:pi_id/jobs, POST} route[39m[38;5;3m +1ms[39m
[32m[Nest] 72182  - [39m01/13/2026, 1:46:33 PM [32m    LOG[39m [38;5;3m[RoutesResolver] [39m[32mTokensController {/kiosks/:pi_id/jobs/:job_id/token}:[39m[38;5;3m +0ms[39m
[32m[Nest] 72182  - [39m01/13/2026, 1:46:33 PM [32m    LOG[39m [38;5;3m[RouterExplorer] [39m[32mMapped {/kiosks/:pi_id/jobs/:job_id/token, GET} route[39m[38;5;3m +1ms[39m
[32m[Nest] 72182  - [39m01/13/2026, 1:46:33 PM [32m    LOG[39m [38;5;3m[RoutesResolver] [39m[32mPaymentsController {/jobs}:[39m[38;5;3m +0ms[39m
[32m[Nest] 72182  - [39m01/13/2026, 1:46:33 PM [32m    LOG[39m [38;5;3m[RouterExplorer] [39m[32mMapped {/jobs/:job_id/pay, POST} route[39m[38;5;3m +0ms[39m
[32m[Nest] 72182  - [39m01/13/2026, 1:46:33 PM [32m    LOG[39m [38;5;3m[RoutesResolver] [39m[32mWebhooksController {/webhooks}:[39m[38;5;3m +0ms[39m
[32m[Nest] 72182  - [39m01/13/2026, 1:46:33 PM [32m    LOG[39m [38;5;3m[RouterExplorer] [39m[32mMapped {/webhooks/razorpay, POST} route[39m[38;5;3m +0ms[39m
[32m[Nest] 72182  - [39m01/13/2026, 1:46:33 PM [32m    LOG[39m [38;5;3m[RoutesResolver] [39m[32mAdminController {/admin}:[39m[38;5;3m +1ms[39m
[32m[Nest] 72182  - [39m01/13/2026, 1:46:33 PM [32m    LOG[39m [38;5;3m[RouterExplorer] [39m[32mMapped {/admin/kiosks, GET} route[39m[38;5;3m +0ms[39m
[32m[Nest] 72182  - [39m01/13/2026, 1:46:33 PM [32m    LOG[39m [38;5;3m[RouterExplorer] [39m[32mMapped {/admin/jobs, GET} route[39m[38;5;3m +0ms[39m
[32m[Nest] 72182  - [39m01/13/2026, 1:46:33 PM [32m    LOG[39m [38;5;3m[RouterExplorer] [39m[32mMapped {/admin/audit-logs, GET} route[39m[38;5;3m +0ms[39m
[32m[Nest] 72182  - [39m01/13/2026, 1:46:33 PM [32m    LOG[39m [38;5;3m[RouterExplorer] [39m[32mMapped {/admin/overview, GET} route[39m[38;5;3m +1ms[39m
[32m[Nest] 72182  - [39m01/13/2026, 1:46:33 PM [32m    LOG[39m [38;5;3m[RoutesResolver] [39m[32mAuthController {/admin/auth}:[39m[38;5;3m +0ms[39m
[32m[Nest] 72182  - [39m01/13/2026, 1:46:33 PM [32m    LOG[39m [38;5;3m[RouterExplorer] [39m[32mMapped {/admin/auth/login, POST} route[39m[38;5;3m +0ms[39m
[32m[Nest] 72182  - [39m01/13/2026, 1:46:33 PM [32m    LOG[39m [38;5;3m[RoutesResolver] [39m[32mPricingController {/admin/pricing}:[39m[38;5;3m +0ms[39m
[32m[Nest] 72182  - [39m01/13/2026, 1:46:33 PM [32m    LOG[39m [38;5;3m[RouterExplorer] [39m[32mMapped {/admin/pricing, GET} route[39m[38;5;3m +0ms[39m
[32m[Nest] 72182  - [39m01/13/2026, 1:46:33 PM [32m    LOG[39m [38;5;3m[RouterExplorer] [39m[32mMapped {/admin/pricing, POST} route[39m[38;5;3m +1ms[39m
[32m[Nest] 72182  - [39m01/13/2026, 1:46:33 PM [32m    LOG[39m [38;5;3m[RoutesResolver] [39m[32mKiosksController {/admin/kiosks}:[39m[38;5;3m +0ms[39m
[32m[Nest] 72182  - [39m01/13/2026, 1:46:33 PM [32m    LOG[39m [38;5;3m[RouterExplorer] [39m[32mMapped {/admin/kiosks, GET} route[39m[38;5;3m +0ms[39m
[32m[Nest] 72182  - [39m01/13/2026, 1:46:33 PM [32m    LOG[39m [38;5;3m[RouterExplorer] [39m[32mMapped {/admin/kiosks/:pi_id/refill, POST} route[39m[38;5;3m +0ms[39m
[32m[Nest] 72182  - [39m01/13/2026, 1:46:33 PM [32m    LOG[39m [38;5;3m[NestApplication] [39m[32mNest application successfully started[39m[38;5;3m +29ms[39m
Headers: {
  host: 'localhost:3000',
  'user-agent': 'curl/8.18.0-rc3',
  accept: '*/*',
  'x-kiosk-id': 'PI_TEST_1',
  'x-kiosk-secret': 'secret123',
  'content-type': 'application/json',
  'content-length': '82'
}
{
  statusCode: 400,
  error: {
    code: 'BAD_REQUEST_ERROR',
    description: 'receipt: the length must be no more than 40.',
    metadata: {},
    reason: 'input_validation_failed',
    source: 'business',
    step: 'payment_initiation'
  }
}
[2J[3J[H[[90m2:07:38 PM[0m] File change detected. Starting incremental compilation...

[[90m2:07:38 PM[0m] Found 0 errors. Watching for file changes.

[32m[Nest] 82124  - [39m01/13/2026, 2:07:38 PM [32m    LOG[39m [38;5;3m[NestFactory] [39m[32mStarting Nest application...[39m
[32m[Nest] 82124  - [39m01/13/2026, 2:07:38 PM [32m    LOG[39m [38;5;3m[InstanceLoader] [39m[32mPrismaModule dependencies initialized[39m[38;5;3m +21ms[39m
[32m[Nest] 82124  - [39m01/13/2026, 2:07:38 PM [32m    LOG[39m [38;5;3m[InstanceLoader] [39m[32mPassportModule dependencies initialized[39m[38;5;3m +0ms[39m
[32m[Nest] 82124  - [39m01/13/2026, 2:07:38 PM [32m    LOG[39m [38;5;3m[InstanceLoader] [39m[32mJwtModule dependencies initialized[39m[38;5;3m +1ms[39m
[32m[Nest] 82124  - [39m01/13/2026, 2:07:38 PM [32m    LOG[39m [38;5;3m[InstanceLoader] [39m[32mAppModule dependencies initialized[39m[38;5;3m +1ms[39m
[32m[Nest] 82124  - [39m01/13/2026, 2:07:38 PM [32m    LOG[39m [38;5;3m[InstanceLoader] [39m[32mPaymentsModule dependencies initialized[39m[38;5;3m +0ms[39m
[32m[Nest] 82124  - [39m01/13/2026, 2:07:38 PM [32m    LOG[39m [38;5;3m[InstanceLoader] [39m[32mAdminModule dependencies initialized[39m[38;5;3m +0ms[39m
[32m[Nest] 82124  - [39m01/13/2026, 2:07:38 PM [32m    LOG[39m [38;5;3m[InstanceLoader] [39m[32mAuthModule dependencies initialized[39m[38;5;3m +0ms[39m
[32m[Nest] 82124  - [39m01/13/2026, 2:07:38 PM [32m    LOG[39m [38;5;3m[InstanceLoader] [39m[32mPricingModule dependencies initialized[39m[38;5;3m +1ms[39m
[32m[Nest] 82124  - [39m01/13/2026, 2:07:38 PM [32m    LOG[39m [38;5;3m[InstanceLoader] [39m[32mKiosksModule dependencies initialized[39m[38;5;3m +0ms[39m
[32m[Nest] 82124  - [39m01/13/2026, 2:07:38 PM [32m    LOG[39m [38;5;3m[InstanceLoader] [39m[32mJobsModule dependencies initialized[39m[38;5;3m +0ms[39m
[32m[Nest] 82124  - [39m01/13/2026, 2:07:38 PM [32m    LOG[39m [38;5;3m[RoutesResolver] [39m[32mAppController {/}:[39m[38;5;3m +24ms[39m
[32m[Nest] 82124  - [39m01/13/2026, 2:07:38 PM [32m    LOG[39m [38;5;3m[RouterExplorer] [39m[32mMapped {/, GET} route[39m[38;5;3m +2ms[39m
[32m[Nest] 82124  - [39m01/13/2026, 2:07:38 PM [32m    LOG[39m [38;5;3m[RoutesResolver] [39m[32mJobsController {/kiosks/:pi_id/jobs}:[39m[38;5;3m +0ms[39m
[32m[Nest] 82124  - [39m01/13/2026, 2:07:38 PM [32m    LOG[39m [38;5;3m[RouterExplorer] [39m[32mMapped {/kiosks/:pi_id/jobs, POST} route[39m[38;5;3m +0ms[39m
[32m[Nest] 82124  - [39m01/13/2026, 2:07:38 PM [32m    LOG[39m [38;5;3m[RoutesResolver] [39m[32mTokensController {/kiosks/:pi_id/jobs/:job_id/token}:[39m[38;5;3m +1ms[39m
[32m[Nest] 82124  - [39m01/13/2026, 2:07:38 PM [32m    LOG[39m [38;5;3m[RouterExplorer] [39m[32mMapped {/kiosks/:pi_id/jobs/:job_id/token, GET} route[39m[38;5;3m +0ms[39m
[32m[Nest] 82124  - [39m01/13/2026, 2:07:38 PM [32m    LOG[39m [38;5;3m[RoutesResolver] [39m[32mPaymentsController {/jobs}:[39m[38;5;3m +0ms[39m
[32m[Nest] 82124  - [39m01/13/2026, 2:07:38 PM [32m    LOG[39m [38;5;3m[RouterExplorer] [39m[32mMapped {/jobs/:job_id/pay, POST} route[39m[38;5;3m +0ms[39m
[32m[Nest] 82124  - [39m01/13/2026, 2:07:38 PM [32m    LOG[39m [38;5;3m[RoutesResolver] [39m[32mWebhooksController {/webhooks}:[39m[38;5;3m +0ms[39m
[32m[Nest] 82124  - [39m01/13/2026, 2:07:38 PM [32m    LOG[39m [38;5;3m[RouterExplorer] [39m[32mMapped {/webhooks/razorpay, POST} route[39m[38;5;3m +1ms[39m
[32m[Nest] 82124  - [39m01/13/2026, 2:07:38 PM [32m    LOG[39m [38;5;3m[RoutesResolver] [39m[32mAdminController {/admin}:[39m[38;5;3m +0ms[39m
[32m[Nest] 82124  - [39m01/13/2026, 2:07:38 PM [32m    LOG[39m [38;5;3m[RouterExplorer] [39m[32mMapped {/admin/kiosks, GET} route[39m[38;5;3m +0ms[39m
[32m[Nest] 82124  - [39m01/13/2026, 2:07:38 PM [32m    LOG[39m [38;5;3m[RouterExplorer] [39m[32mMapped {/admin/jobs, GET} route[39m[38;5;3m +0ms[39m
[32m[Nest] 82124  - [39m01/13/2026, 2:07:38 PM [32m    LOG[39m [38;5;3m[RouterExplorer] [39m[32mMapped {/admin/audit-logs, GET} route[39m[38;5;3m +0ms[39m
[32m[Nest] 82124  - [39m01/13/2026, 2:07:38 PM [32m    LOG[39m [38;5;3m[RouterExplorer] [39m[32mMapped {/admin/overview, GET} route[39m[38;5;3m +1ms[39m
[32m[Nest] 82124  - [39m01/13/2026, 2:07:38 PM [32m    LOG[39m [38;5;3m[RoutesResolver] [39m[32mAuthController {/admin/auth}:[39m[38;5;3m +0ms[39m
[32m[Nest] 82124  - [39m01/13/2026, 2:07:38 PM [32m    LOG[39m [38;5;3m[RouterExplorer] [39m[32mMapped {/admin/auth/login, POST} route[39m[38;5;3m +0ms[39m
[32m[Nest] 82124  - [39m01/13/2026, 2:07:38 PM [32m    LOG[39m [38;5;3m[RoutesResolver] [39m[32mPricingController {/admin/pricing}:[39m[38;5;3m +0ms[39m
[32m[Nest] 82124  - [39m01/13/2026, 2:07:38 PM [32m    LOG[39m [38;5;3m[RouterExplorer] [39m[32mMapped {/admin/pricing, GET} route[39m[38;5;3m +1ms[39m
[32m[Nest] 82124  - [39m01/13/2026, 2:07:38 PM [32m    LOG[39m [38;5;3m[RouterExplorer] [39m[32mMapped {/admin/pricing, POST} route[39m[38;5;3m +0ms[39m
[32m[Nest] 82124  - [39m01/13/2026, 2:07:38 PM [32m    LOG[39m [38;5;3m[RoutesResolver] [39m[32mKiosksController {/admin/kiosks}:[39m[38;5;3m +0ms[39m
[32m[Nest] 82124  - [39m01/13/2026, 2:07:38 PM [32m    LOG[39m [38;5;3m[RouterExplorer] [39m[32mMapped {/admin/kiosks, GET} route[39m[38;5;3m +0ms[39m
[32m[Nest] 82124  - [39m01/13/2026, 2:07:38 PM [32m    LOG[39m [38;5;3m[RouterExplorer] [39m[32mMapped {/admin/kiosks/:pi_id/refill, POST} route[39m[38;5;3m +0ms[39m
[32m[Nest] 82124  - [39m01/13/2026, 2:07:38 PM [32m    LOG[39m [38;5;3m[NestApplication] [39m[32mNest application successfully started[39m[38;5;3m +29ms[39m
[2J[3J[H[[90m2:10:15 PM[0m] File change detected. Starting incremental compilation...

[[90m2:10:15 PM[0m] Found 0 errors. Watching for file changes.

[32m[Nest] 84038  - [39m01/13/2026, 2:10:16 PM [32m    LOG[39m [38;5;3m[NestFactory] [39m[32mStarting Nest application...[39m
[32m[Nest] 84038  - [39m01/13/2026, 2:10:16 PM [32m    LOG[39m [38;5;3m[InstanceLoader] [39m[32mPrismaModule dependencies initialized[39m[38;5;3m +22ms[39m
[32m[Nest] 84038  - [39m01/13/2026, 2:10:16 PM [32m    LOG[39m [38;5;3m[InstanceLoader] [39m[32mPassportModule dependencies initialized[39m[38;5;3m +1ms[39m
[32m[Nest] 84038  - [39m01/13/2026, 2:10:16 PM [32m    LOG[39m [38;5;3m[InstanceLoader] [39m[32mJwtModule dependencies initialized[39m[38;5;3m +0ms[39m
[32m[Nest] 84038  - [39m01/13/2026, 2:10:16 PM [32m    LOG[39m [38;5;3m[InstanceLoader] [39m[32mAppModule dependencies initialized[39m[38;5;3m +1ms[39m
[32m[Nest] 84038  - [39m01/13/2026, 2:10:16 PM [32m    LOG[39m [38;5;3m[InstanceLoader] [39m[32mPaymentsModule dependencies initialized[39m[38;5;3m +0ms[39m
[32m[Nest] 84038  - [39m01/13/2026, 2:10:16 PM [32m    LOG[39m [38;5;3m[InstanceLoader] [39m[32mAdminModule dependencies initialized[39m[38;5;3m +0ms[39m
[32m[Nest] 84038  - [39m01/13/2026, 2:10:16 PM [32m    LOG[39m [38;5;3m[InstanceLoader] [39m[32mAuthModule dependencies initialized[39m[38;5;3m +1ms[39m
[32m[Nest] 84038  - [39m01/13/2026, 2:10:16 PM [32m    LOG[39m [38;5;3m[InstanceLoader] [39m[32mPricingModule dependencies initialized[39m[38;5;3m +0ms[39m
[32m[Nest] 84038  - [39m01/13/2026, 2:10:16 PM [32m    LOG[39m [38;5;3m[InstanceLoader] [39m[32mKiosksModule dependencies initialized[39m[38;5;3m +0ms[39m
[32m[Nest] 84038  - [39m01/13/2026, 2:10:16 PM [32m    LOG[39m [38;5;3m[InstanceLoader] [39m[32mJobsModule dependencies initialized[39m[38;5;3m +0ms[39m
[32m[Nest] 84038  - [39m01/13/2026, 2:10:16 PM [32m    LOG[39m [38;5;3m[RoutesResolver] [39m[32mAppController {/}:[39m[38;5;3m +26ms[39m
[32m[Nest] 84038  - [39m01/13/2026, 2:10:16 PM [32m    LOG[39m [38;5;3m[RouterExplorer] [39m[32mMapped {/, GET} route[39m[38;5;3m +2ms[39m
[32m[Nest] 84038  - [39m01/13/2026, 2:10:16 PM [32m    LOG[39m [38;5;3m[RoutesResolver] [39m[32mJobsController {/kiosks/:pi_id/jobs}:[39m[38;5;3m +0ms[39m
[32m[Nest] 84038  - [39m01/13/2026, 2:10:16 PM [32m    LOG[39m [38;5;3m[RouterExplorer] [39m[32mMapped {/kiosks/:pi_id/jobs, POST} route[39m[38;5;3m +1ms[39m
[32m[Nest] 84038  - [39m01/13/2026, 2:10:16 PM [32m    LOG[39m [38;5;3m[RoutesResolver] [39m[32mTokensController {/kiosks/:pi_id/jobs/:job_id/token}:[39m[38;5;3m +0ms[39m
[32m[Nest] 84038  - [39m01/13/2026, 2:10:16 PM [32m    LOG[39m [38;5;3m[RouterExplorer] [39m[32mMapped {/kiosks/:pi_id/jobs/:job_id/token, GET} route[39m[38;5;3m +1ms[39m
[32m[Nest] 84038  - [39m01/13/2026, 2:10:16 PM [32m    LOG[39m [38;5;3m[RoutesResolver] [39m[32mPaymentsController {/jobs}:[39m[38;5;3m +0ms[39m
[32m[Nest] 84038  - [39m01/13/2026, 2:10:16 PM [32m    LOG[39m [38;5;3m[RouterExplorer] [39m[32mMapped {/jobs/:job_id/pay, POST} route[39m[38;5;3m +0ms[39m
[32m[Nest] 84038  - [39m01/13/2026, 2:10:16 PM [32m    LOG[39m [38;5;3m[RoutesResolver] [39m[32mWebhooksController {/webhooks}:[39m[38;5;3m +0ms[39m
[32m[Nest] 84038  - [39m01/13/2026, 2:10:16 PM [32m    LOG[39m [38;5;3m[RouterExplorer] [39m[32mMapped {/webhooks/razorpay, POST} route[39m[38;5;3m +0ms[39m
[32m[Nest] 84038  - [39m01/13/2026, 2:10:16 PM [32m    LOG[39m [38;5;3m[RoutesResolver] [39m[32mAdminController {/admin}:[39m[38;5;3m +0ms[39m
[32m[Nest] 84038  - [39m01/13/2026, 2:10:16 PM [32m    LOG[39m [38;5;3m[RouterExplorer] [39m[32mMapped {/admin/kiosks, GET} route[39m[38;5;3m +1ms[39m
[32m[Nest] 84038  - [39m01/13/2026, 2:10:16 PM [32m    LOG[39m [38;5;3m[RouterExplorer] [39m[32mMapped {/admin/jobs, GET} route[39m[38;5;3m +0ms[39m
[32m[Nest] 84038  - [39m01/13/2026, 2:10:16 PM [32m    LOG[39m [38;5;3m[RouterExplorer] [39m[32mMapped {/admin/audit-logs, GET} route[39m[38;5;3m +0ms[39m
[32m[Nest] 84038  - [39m01/13/2026, 2:10:16 PM [32m    LOG[39m [38;5;3m[RouterExplorer] [39m[32mMapped {/admin/overview, GET} route[39m[38;5;3m +1ms[39m
[32m[Nest] 84038  - [39m01/13/2026, 2:10:16 PM [32m    LOG[39m [38;5;3m[RoutesResolver] [39m[32mAuthController {/admin/auth}:[39m[38;5;3m +0ms[39m
[32m[Nest] 84038  - [39m01/13/2026, 2:10:16 PM [32m    LOG[39m [38;5;3m[RouterExplorer] [39m[32mMapped {/admin/auth/login, POST} route[39m[38;5;3m +0ms[39m
[32m[Nest] 84038  - [39m01/13/2026, 2:10:16 PM [32m    LOG[39m [38;5;3m[RoutesResolver] [39m[32mPricingController {/admin/pricing}:[39m[38;5;3m +0ms[39m
[32m[Nest] 84038  - [39m01/13/2026, 2:10:16 PM [32m    LOG[39m [38;5;3m[RouterExplorer] [39m[32mMapped {/admin/pricing, GET} route[39m[38;5;3m +0ms[39m
[32m[Nest] 84038  - [39m01/13/2026, 2:10:16 PM [32m    LOG[39m [38;5;3m[RouterExplorer] [39m[32mMapped {/admin/pricing, POST} route[39m[38;5;3m +1ms[39m
[32m[Nest] 84038  - [39m01/13/2026, 2:10:16 PM [32m    LOG[39m [38;5;3m[RoutesResolver] [39m[32mKiosksController {/admin/kiosks}:[39m[38;5;3m +0ms[39m
[32m[Nest] 84038  - [39m01/13/2026, 2:10:16 PM [32m    LOG[39m [38;5;3m[RouterExplorer] [39m[32mMapped {/admin/kiosks, GET} route[39m[38;5;3m +0ms[39m
[32m[Nest] 84038  - [39m01/13/2026, 2:10:16 PM [32m    LOG[39m [38;5;3m[RouterExplorer] [39m[32mMapped {/admin/kiosks/:pi_id/refill, POST} route[39m[38;5;3m +0ms[39m
[32m[Nest] 84038  - [39m01/13/2026, 2:10:16 PM [32m    LOG[39m [38;5;3m[NestApplication] [39m[32mNest application successfully started[39m[38;5;3m +31ms[39m
[2J[3J[H[[90m2:14:52 PM[0m] File change detected. Starting incremental compilation...

[[90m2:14:52 PM[0m] Found 0 errors. Watching for file changes.

[32m[Nest] 86282  - [39m01/13/2026, 2:14:53 PM [32m    LOG[39m [38;5;3m[NestFactory] [39m[32mStarting Nest application...[39m
[32m[Nest] 86282  - [39m01/13/2026, 2:14:53 PM [32m    LOG[39m [38;5;3m[InstanceLoader] [39m[32mPrismaModule dependencies initialized[39m[38;5;3m +21ms[39m
[32m[Nest] 86282  - [39m01/13/2026, 2:14:53 PM [32m    LOG[39m [38;5;3m[InstanceLoader] [39m[32mPassportModule dependencies initialized[39m[38;5;3m +0ms[39m
[32m[Nest] 86282  - [39m01/13/2026, 2:14:53 PM [32m    LOG[39m [38;5;3m[InstanceLoader] [39m[32mJwtModule dependencies initialized[39m[38;5;3m +1ms[39m
[32m[Nest] 86282  - [39m01/13/2026, 2:14:53 PM [32m    LOG[39m [38;5;3m[InstanceLoader] [39m[32mAppModule dependencies initialized[39m[38;5;3m +0ms[39m
[32m[Nest] 86282  - [39m01/13/2026, 2:14:53 PM [32m    LOG[39m [38;5;3m[InstanceLoader] [39m[32mPaymentsModule dependencies initialized[39m[38;5;3m +0ms[39m
[32m[Nest] 86282  - [39m01/13/2026, 2:14:53 PM [32m    LOG[39m [38;5;3m[InstanceLoader] [39m[32mAdminModule dependencies initialized[39m[38;5;3m +1ms[39m
[32m[Nest] 86282  - [39m01/13/2026, 2:14:53 PM [32m    LOG[39m [38;5;3m[InstanceLoader] [39m[32mAuthModule dependencies initialized[39m[38;5;3m +0ms[39m
[32m[Nest] 86282  - [39m01/13/2026, 2:14:53 PM [32m    LOG[39m [38;5;3m[InstanceLoader] [39m[32mPricingModule dependencies initialized[39m[38;5;3m +0ms[39m
[32m[Nest] 86282  - [39m01/13/2026, 2:14:53 PM [32m    LOG[39m [38;5;3m[InstanceLoader] [39m[32mKiosksModule dependencies initialized[39m[38;5;3m +0ms[39m
[32m[Nest] 86282  - [39m01/13/2026, 2:14:53 PM [32m    LOG[39m [38;5;3m[InstanceLoader] [39m[32mJobsModule dependencies initialized[39m[38;5;3m +0ms[39m
[32m[Nest] 86282  - [39m01/13/2026, 2:14:53 PM [32m    LOG[39m [38;5;3m[RoutesResolver] [39m[32mAppController {/}:[39m[38;5;3m +25ms[39m
[32m[Nest] 86282  - [39m01/13/2026, 2:14:53 PM [32m    LOG[39m [38;5;3m[RouterExplorer] [39m[32mMapped {/, GET} route[39m[38;5;3m +2ms[39m
[32m[Nest] 86282  - [39m01/13/2026, 2:14:53 PM [32m    LOG[39m [38;5;3m[RoutesResolver] [39m[32mJobsController {/kiosks/:pi_id/jobs}:[39m[38;5;3m +0ms[39m
[32m[Nest] 86282  - [39m01/13/2026, 2:14:53 PM [32m    LOG[39m [38;5;3m[RouterExplorer] [39m[32mMapped {/kiosks/:pi_id/jobs, POST} route[39m[38;5;3m +1ms[39m
[32m[Nest] 86282  - [39m01/13/2026, 2:14:53 PM [32m    LOG[39m [38;5;3m[RoutesResolver] [39m[32mTokensController {/kiosks/:pi_id/jobs/:job_id/token}:[39m[38;5;3m +0ms[39m
[32m[Nest] 86282  - [39m01/13/2026, 2:14:53 PM [32m    LOG[39m [38;5;3m[RouterExplorer] [39m[32mMapped {/kiosks/:pi_id/jobs/:job_id/token, GET} route[39m[38;5;3m +0ms[39m
[32m[Nest] 86282  - [39m01/13/2026, 2:14:53 PM [32m    LOG[39m [38;5;3m[RoutesResolver] [39m[32mPaymentsController {/jobs}:[39m[38;5;3m +0ms[39m
[32m[Nest] 86282  - [39m01/13/2026, 2:14:53 PM [32m    LOG[39m [38;5;3m[RouterExplorer] [39m[32mMapped {/jobs/:job_id/pay, POST} route[39m[38;5;3m +1ms[39m
[32m[Nest] 86282  - [39m01/13/2026, 2:14:53 PM [32m    LOG[39m [38;5;3m[RoutesResolver] [39m[32mWebhooksController {/webhooks}:[39m[38;5;3m +0ms[39m
[32m[Nest] 86282  - [39m01/13/2026, 2:14:53 PM [32m    LOG[39m [38;5;3m[RouterExplorer] [39m[32mMapped {/webhooks/razorpay, POST} route[39m[38;5;3m +0ms[39m
[32m[Nest] 86282  - [39m01/13/2026, 2:14:53 PM [32m    LOG[39m [38;5;3m[RoutesResolver] [39m[32mAdminController {/admin}:[39m[38;5;3m +0ms[39m
[32m[Nest] 86282  - [39m01/13/2026, 2:14:53 PM [32m    LOG[39m [38;5;3m[RouterExplorer] [39m[32mMapped {/admin/kiosks, GET} route[39m[38;5;3m +0ms[39m
[32m[Nest] 86282  - [39m01/13/2026, 2:14:53 PM [32m    LOG[39m [38;5;3m[RouterExplorer] [39m[32mMapped {/admin/jobs, GET} route[39m[38;5;3m +1ms[39m
[32m[Nest] 86282  - [39m01/13/2026, 2:14:53 PM [32m    LOG[39m [38;5;3m[RouterExplorer] [39m[32mMapped {/admin/audit-logs, GET} route[39m[38;5;3m +0ms[39m
[32m[Nest] 86282  - [39m01/13/2026, 2:14:53 PM [32m    LOG[39m [38;5;3m[RouterExplorer] [39m[32mMapped {/admin/overview, GET} route[39m[38;5;3m +0ms[39m
[32m[Nest] 86282  - [39m01/13/2026, 2:14:53 PM [32m    LOG[39m [38;5;3m[RoutesResolver] [39m[32mAuthController {/admin/auth}:[39m[38;5;3m +1ms[39m
[32m[Nest] 86282  - [39m01/13/2026, 2:14:53 PM [32m    LOG[39m [38;5;3m[RouterExplorer] [39m[32mMapped {/admin/auth/login, POST} route[39m[38;5;3m +0ms[39m
[32m[Nest] 86282  - [39m01/13/2026, 2:14:53 PM [32m    LOG[39m [38;5;3m[RoutesResolver] [39m[32mPricingController {/admin/pricing}:[39m[38;5;3m +0ms[39m
[32m[Nest] 86282  - [39m01/13/2026, 2:14:53 PM [32m    LOG[39m [38;5;3m[RouterExplorer] [39m[32mMapped {/admin/pricing, GET} route[39m[38;5;3m +0ms[39m
[32m[Nest] 86282  - [39m01/13/2026, 2:14:53 PM [32m    LOG[39m [38;5;3m[RouterExplorer] [39m[32mMapped {/admin/pricing, POST} route[39m[38;5;3m +1ms[39m
[32m[Nest] 86282  - [39m01/13/2026, 2:14:53 PM [32m    LOG[39m [38;5;3m[RoutesResolver] [39m[32mKiosksController {/admin/kiosks}:[39m[38;5;3m +0ms[39m
[32m[Nest] 86282  - [39m01/13/2026, 2:14:53 PM [32m    LOG[39m [38;5;3m[RouterExplorer] [39m[32mMapped {/admin/kiosks, GET} route[39m[38;5;3m +0ms[39m
[32m[Nest] 86282  - [39m01/13/2026, 2:14:53 PM [32m    LOG[39m [38;5;3m[RouterExplorer] [39m[32mMapped {/admin/kiosks/:pi_id/refill, POST} route[39m[38;5;3m +0ms[39m
[32m[Nest] 86282  - [39m01/13/2026, 2:14:53 PM [32m    LOG[39m [38;5;3m[NestApplication] [39m[32mNest application successfully started[39m[38;5;3m +28ms[39m
[2J[3J[H[[90m2:17:41 PM[0m] File change detected. Starting incremental compilation...

[[90m2:17:41 PM[0m] Found 0 errors. Watching for file changes.

[32m[Nest] 87843  - [39m01/13/2026, 2:17:42 PM [32m    LOG[39m [38;5;3m[NestFactory] [39m[32mStarting Nest application...[39m
[32m[Nest] 87843  - [39m01/13/2026, 2:17:42 PM [32m    LOG[39m [38;5;3m[InstanceLoader] [39m[32mPrismaModule dependencies initialized[39m[38;5;3m +22ms[39m
[32m[Nest] 87843  - [39m01/13/2026, 2:17:42 PM [32m    LOG[39m [38;5;3m[InstanceLoader] [39m[32mPassportModule dependencies initialized[39m[38;5;3m +1ms[39m
[32m[Nest] 87843  - [39m01/13/2026, 2:17:42 PM [32m    LOG[39m [38;5;3m[InstanceLoader] [39m[32mJwtModule dependencies initialized[39m[38;5;3m +0ms[39m
[32m[Nest] 87843  - [39m01/13/2026, 2:17:42 PM [32m    LOG[39m [38;5;3m[InstanceLoader] [39m[32mAppModule dependencies initialized[39m[38;5;3m +1ms[39m
[32m[Nest] 87843  - [39m01/13/2026, 2:17:42 PM [32m    LOG[39m [38;5;3m[InstanceLoader] [39m[32mPaymentsModule dependencies initialized[39m[38;5;3m +0ms[39m
[32m[Nest] 87843  - [39m01/13/2026, 2:17:42 PM [32m    LOG[39m [38;5;3m[InstanceLoader] [39m[32mAdminModule dependencies initialized[39m[38;5;3m +0ms[39m
[32m[Nest] 87843  - [39m01/13/2026, 2:17:42 PM [32m    LOG[39m [38;5;3m[InstanceLoader] [39m[32mAuthModule dependencies initialized[39m[38;5;3m +0ms[39m
[32m[Nest] 87843  - [39m01/13/2026, 2:17:42 PM [32m    LOG[39m [38;5;3m[InstanceLoader] [39m[32mPricingModule dependencies initialized[39m[38;5;3m +1ms[39m
[32m[Nest] 87843  - [39m01/13/2026, 2:17:42 PM [32m    LOG[39m [38;5;3m[InstanceLoader] [39m[32mKiosksModule dependencies initialized[39m[38;5;3m +0ms[39m
[32m[Nest] 87843  - [39m01/13/2026, 2:17:42 PM [32m    LOG[39m [38;5;3m[InstanceLoader] [39m[32mJobsModule dependencies initialized[39m[38;5;3m +0ms[39m
[32m[Nest] 87843  - [39m01/13/2026, 2:17:42 PM [32m    LOG[39m [38;5;3m[RoutesResolver] [39m[32mAppController {/}:[39m[38;5;3m +24ms[39m
[32m[Nest] 87843  - [39m01/13/2026, 2:17:42 PM [32m    LOG[39m [38;5;3m[RouterExplorer] [39m[32mMapped {/, GET} route[39m[38;5;3m +2ms[39m
[32m[Nest] 87843  - [39m01/13/2026, 2:17:42 PM [32m    LOG[39m [38;5;3m[RoutesResolver] [39m[32mJobsController {/kiosks/:pi_id/jobs}:[39m[38;5;3m +0ms[39m
[32m[Nest] 87843  - [39m01/13/2026, 2:17:42 PM [32m    LOG[39m [38;5;3m[RouterExplorer] [39m[32mMapped {/kiosks/:pi_id/jobs, POST} route[39m[38;5;3m +1ms[39m
[32m[Nest] 87843  - [39m01/13/2026, 2:17:42 PM [32m    LOG[39m [38;5;3m[RoutesResolver] [39m[32mTokensController {/kiosks/:pi_id/jobs/:job_id/token}:[39m[38;5;3m +0ms[39m
[32m[Nest] 87843  - [39m01/13/2026, 2:17:42 PM [32m    LOG[39m [38;5;3m[RouterExplorer] [39m[32mMapped {/kiosks/:pi_id/jobs/:job_id/token, GET} route[39m[38;5;3m +0ms[39m
[32m[Nest] 87843  - [39m01/13/2026, 2:17:42 PM [32m    LOG[39m [38;5;3m[RoutesResolver] [39m[32mPaymentsController {/jobs}:[39m[38;5;3m +0ms[39m
[32m[Nest] 87843  - [39m01/13/2026, 2:17:42 PM [32m    LOG[39m [38;5;3m[RouterExplorer] [39m[32mMapped {/jobs/:job_id/pay, POST} route[39m[38;5;3m +1ms[39m
[32m[Nest] 87843  - [39m01/13/2026, 2:17:42 PM [32m    LOG[39m [38;5;3m[RoutesResolver] [39m[32mWebhooksController {/webhooks}:[39m[38;5;3m +0ms[39m
[32m[Nest] 87843  - [39m01/13/2026, 2:17:42 PM [32m    LOG[39m [38;5;3m[RouterExplorer] [39m[32mMapped {/webhooks/razorpay, POST} route[39m[38;5;3m +0ms[39m
[32m[Nest] 87843  - [39m01/13/2026, 2:17:42 PM [32m    LOG[39m [38;5;3m[RoutesResolver] [39m[32mAdminController {/admin}:[39m[38;5;3m +0ms[39m
[32m[Nest] 87843  - [39m01/13/2026, 2:17:42 PM [32m    LOG[39m [38;5;3m[RouterExplorer] [39m[32mMapped {/admin/kiosks, GET} route[39m[38;5;3m +0ms[39m
[32m[Nest] 87843  - [39m01/13/2026, 2:17:42 PM [32m    LOG[39m [38;5;3m[RouterExplorer] [39m[32mMapped {/admin/jobs, GET} route[39m[38;5;3m +1ms[39m
[32m[Nest] 87843  - [39m01/13/2026, 2:17:42 PM [32m    LOG[39m [38;5;3m[RouterExplorer] [39m[32mMapped {/admin/audit-logs, GET} route[39m[38;5;3m +0ms[39m
[32m[Nest] 87843  - [39m01/13/2026, 2:17:42 PM [32m    LOG[39m [38;5;3m[RouterExplorer] [39m[32mMapped {/admin/overview, GET} route[39m[38;5;3m +0ms[39m
[32m[Nest] 87843  - [39m01/13/2026, 2:17:42 PM [32m    LOG[39m [38;5;3m[RoutesResolver] [39m[32mAuthController {/admin/auth}:[39m[38;5;3m +0ms[39m
[32m[Nest] 87843  - [39m01/13/2026, 2:17:42 PM [32m    LOG[39m [38;5;3m[RouterExplorer] [39m[32mMapped {/admin/auth/login, POST} route[39m[38;5;3m +1ms[39m
[32m[Nest] 87843  - [39m01/13/2026, 2:17:42 PM [32m    LOG[39m [38;5;3m[RoutesResolver] [39m[32mPricingController {/admin/pricing}:[39m[38;5;3m +0ms[39m
[32m[Nest] 87843  - [39m01/13/2026, 2:17:42 PM [32m    LOG[39m [38;5;3m[RouterExplorer] [39m[32mMapped {/admin/pricing, GET} route[39m[38;5;3m +0ms[39m
[32m[Nest] 87843  - [39m01/13/2026, 2:17:42 PM [32m    LOG[39m [38;5;3m[RouterExplorer] [39m[32mMapped {/admin/pricing, POST} route[39m[38;5;3m +0ms[39m
[32m[Nest] 87843  - [39m01/13/2026, 2:17:42 PM [32m    LOG[39m [38;5;3m[RoutesResolver] [39m[32mKiosksController {/admin/kiosks}:[39m[38;5;3m +0ms[39m
[32m[Nest] 87843  - [39m01/13/2026, 2:17:42 PM [32m    LOG[39m [38;5;3m[RouterExplorer] [39m[32mMapped {/admin/kiosks, GET} route[39m[38;5;3m +1ms[39m
[32m[Nest] 87843  - [39m01/13/2026, 2:17:42 PM [32m    LOG[39m [38;5;3m[RouterExplorer] [39m[32mMapped {/admin/kiosks/:pi_id/refill, POST} route[39m[38;5;3m +0ms[39m
[32m[Nest] 87843  - [39m01/13/2026, 2:17:42 PM [32m    LOG[39m [38;5;3m[NestApplication] [39m[32mNest application successfully started[39m[38;5;3m +30ms[39m
